<?xml version="1.0" encoding="UTF-8"?>
<testng-results ignored="0" total="1" passed="1" failed="0" skipped="0">
  <reporter-output>
  </reporter-output>
  <suite started-at="2024-03-21T16:31:27 IST" name="Default suite" finished-at="2024-03-21T16:31:34 IST" duration-ms="7502">
    <groups>
    </groups>
    <test started-at="2024-03-21T16:31:27 IST" name="Default test" finished-at="2024-03-21T16:31:34 IST" duration-ms="7502">
      <class name="A_WebElement.TableWithSort1">
        <test-method is-config="true" signature="preCondition()[pri:0, instance:A_WebElement.TableWithSort1@663c9e7a]" started-at="2024-03-21T16:31:27 IST" name="preCondition" finished-at="2024-03-21T16:31:29 IST" duration-ms="2297" status="PASS">
          <reporter-output>
          </reporter-output>
        </test-method> <!-- preCondition -->
        <test-method is-config="true" signature="beforeMethod()[pri:0, instance:A_WebElement.TableWithSort1@663c9e7a]" started-at="2024-03-21T16:31:29 IST" name="beforeMethod" finished-at="2024-03-21T16:31:32 IST" duration-ms="2661" status="PASS">
          <reporter-output>
          </reporter-output>
        </test-method> <!-- beforeMethod -->
        <test-method signature="ExecuteWebTable()[pri:0, instance:A_WebElement.TableWithSort1@663c9e7a]" started-at="2024-03-21T16:31:32 IST" name="ExecuteWebTable" finished-at="2024-03-21T16:31:34 IST" duration-ms="2490" status="PASS">
          <reporter-output>
          </reporter-output>
        </test-method> <!-- ExecuteWebTable -->
        <test-method is-config="true" signature="afterMethod()[pri:0, instance:A_WebElement.TableWithSort1@663c9e7a]" started-at="2024-03-21T16:31:34 IST" name="afterMethod" finished-at="2024-03-21T16:31:34 IST" duration-ms="1" status="PASS">
          <reporter-output>
          </reporter-output>
        </test-method> <!-- afterMethod -->
        <test-method is-config="true" signature="afterClass()[pri:0, instance:A_WebElement.TableWithSort1@663c9e7a]" started-at="2024-03-21T16:31:34 IST" name="afterClass" finished-at="2024-03-21T16:31:34 IST" duration-ms="1" status="PASS">
          <reporter-output>
          </reporter-output>
        </test-method> <!-- afterClass -->
      </class> <!-- A_WebElement.TableWithSort1 -->
    </test> <!-- Default test -->
  </suite> <!-- Default suite -->
</testng-results>
